
<!DOCTYPE html>
<html>
<head>
<!--
ExtentReports Library 2.40.2 | http://relevantcodes.com/extentreports-for-selenium/ | https://github.com/anshooarora/
Copyright (c) 2015, Anshoo Arora (Relevant Codes) | Copyrights licensed under the New BSD License | http://opensource.org/licenses/BSD-3-Clause
Documentation: http://extentreports.relevantcodes.com 
-->

<meta charset='UTF-8' /> 
<meta name='description' content='ExtentReports (by Anshoo Arora) is a reporting library for automation testing for .NET and Java. It creates detailed and beautiful HTML reports for modern browsers. ExtentReports shows test and step summary along with dashboards, system and environment details for quick analysis of your tests.' />
<meta name='robots' content='noodp, noydir' />
<meta name='viewport' content='width=device-width, initial-scale=1' />

<title>
ExtentReports 2.0
</title>


<link href='https://fonts.googleapis.com/css?family=Source+Sans+Pro:400,600' rel='stylesheet' type='text/css'>
<link href='https://cdn.rawgit.com/anshooarora/extentreports/e4f8ea1de961161791c01b99a71a1e17f81125cf/cdn/extent.css' type='text/css' rel='stylesheet' />

<style>

            
                
            
        
</style>
</head>


<body class='extent standard hide-overflow'>
<!-- nav -->
<nav>
<div class='logo-container'>
<a class='logo-content' href='http://extentreports.relevantcodes.com'>
<span>ExtentReports</span>
</a>
<a href='#' data-activates='slide-out' class='button-collapse hide-on-large-only'><i class='mdi-navigation-apps'></i></a>
</div>
<ul id='slide-out' class='side-nav fixed hide-on-med-and-down'>
<li class='analysis waves-effect active'><a href='#!' class='test-view' onclick="_updateCurrentStage(0)"><i class='mdi-action-dashboard'></i>Test Details</a></li>
<li class='analysis waves-effect'><a href='#!' class='exceptions-view' onclick="_updateCurrentStage(2)"><i class='mdi-action-bug-report'></i>Exceptions</a></li>
<li class='analysis waves-effect'><a href='#!' class='dashboard-view'><i class='mdi-action-track-changes'></i></i>Analysis</a></li>
</ul>
<span class='report-name'>Automation Report</span> <span class='report-headline'></span>
<ul class='right hide-on-med-and-down nav-right'>
<li class='theme-selector' alt='Click to toggle dark theme. To enable by default, use js configuration $("body").addClass("dark");' title='Click to toggle dark theme. To enable by default, use js configuration $("body").addClass("dark");'>
<i class='mdi-hardware-desktop-windows'></i>
</li>
<li>
<span class='suite-started-time'>2018-02-22 23:37:35</span>
</li>
<li>
<span>v2.40.2</span>
</li>
</ul>
</nav>
<!-- /nav -->

<!-- container -->
<div class='container'>

<!-- dashboard -->
<div id='dashboard-view' class='row'>
<div class='time-totals'>
<div class='col l2 m4 s6'>
<div class='card suite-total-tests'> 
<span class='panel-name'>Total Tests</span> 
<span class='total-tests'> <span class='panel-lead'></span> </span> 
</div> 
</div>
<div class='col l2 m4 s6'>
<div class='card suite-total-steps'> 
<span class='panel-name'>Total Steps</span> 
<span class='total-steps'> <span class='panel-lead'></span> </span> 
</div> 
</div>
<div class='col l2 m4 s12'>
<div class='card suite-total-time-current'> 
<span class='panel-name'>Total Time Taken (Current Run)</span> 
<span class='suite-total-time-current-value panel-lead'>0h 32m 2s+390ms</span> 
</div> 
</div>
<div class='col l2 m4 s12'>
<div class='card suite-total-time-overall'> 
<span class='panel-name'>Total Time Taken (Overall)</span> 
<span class='suite-total-time-overall-value panel-lead'>0h 32m 2s+390ms</span> 
</div> 
</div>
<div class='col l2 m4 s6 suite-start-time'>
<div class='card accent green-accent'> 
<span class='panel-name'>Start</span> 
<span class='panel-lead suite-started-time'>2018-02-22 23:05:32</span> 
</div> 
</div>
<div class='col l2 m4 s6 suite-end-time'>
<div class='card accent pink-accent'> 
<span class='panel-name'>End</span> 
<span class='panel-lead suite-ended-time'>2018-02-22 23:37:35</span> 
</div> 
</div>
</div>
<div class='charts'>
<div class='col s12 m6 l4 fh'> 
<div class='card-panel'> 
<div>
<span class='panel-name'>Tests View</span>
</div> 
<div class='panel-setting modal-trigger test-count-setting right'>
<a href='#test-count-setting'><i class='mdi-navigation-more-vert text-md'></i></a>
</div> 
<div class='chart-box'>
<canvas class='text-centered' id='test-analysis'></canvas>
</div> 
<div>
<span class='weight-light'><span class='t-pass-count weight-normal'></span> test(s) passed</span>
</div> 
<div>
<span class='weight-light'><span class='t-fail-count weight-normal'></span> test(s) failed, <span class='t-others-count weight-normal'></span> others</span>
</div> 
</div> 
</div> 
<div class='col s12 m6 l4 fh'> 
<div class='card-panel'> 
<div>
<span class='panel-name'>Steps View</span>
</div> 
<div class='panel-setting modal-trigger step-status-filter right'>
<a href='#step-status-filter'><i class='mdi-navigation-more-vert text-md'></i></a>
</div> 
<div class='chart-box'>
<canvas class='text-centered' id='step-analysis'></canvas>
</div> 
<div>
<span class='weight-light'><span class='s-pass-count weight-normal'></span> step(s) passed </span>
</div> 
<div>
<span class='weight-light'><span class='s-fail-count weight-normal'></span> step(s) failed, <span class='s-others-count weight-normal'></span> others</span>
</div> 
</div> 
</div>
<div class='col s12 m12 l4 fh'> 
<div class='card-panel'> 
<span class='panel-name'>Pass Percentage</span> 
<span class='pass-percentage panel-lead'></span> 
<div class='progress light-blue lighten-3'> 
<div class='determinate light-blue'></div> 
</div> 
</div> 
</div>
</div>
<div class='system-view'>
<div class='col l4 m12 s12'>
<div class='card-panel'>
<span class='label info outline right'>Environment</span>
<table>
<thead>
<tr>
<th>Param</th>
<th>Value</th>
</tr>
</thead>
<tbody>
<tr>
<td>OS</td>
<td>Mac OS X</td>
</tr>
<tr>
<td>User Name</td>
<td>kgrandhi</td>
</tr>
<tr>
<td>Java Version</td>
<td>1.8.0_60</td>
</tr>
<tr>
<td>Host Name</td>
<td>mac-kgrandhi.local</td>
</tr>
</tbody>
</table>
</div>
</div>
</div>
</div>
<!-- /dashboard -->

<!-- tests -->
<div id='test-view' class='row _addedTable'>
<div class='col _addedCell1'>
<div class='contents'>
<div class='card-panel heading'>
<h5>Tests</h5>
</div>
<div class='card-panel filters'>
<div>
<a data-activates='tests-toggle' data-constrainwidth='true' data-beloworigin='true' data-hover='true' href='#' class='dropdown-button button tests-toggle'><i class='mdi-action-subject icon'></i></a>
<ul id='tests-toggle' class='dropdown-content'>
<li class='pass'><a href='#!'>Pass</a></li>
<li class='fail'><a href='#!'>Fail</a></li>
<li class='error'><a href='#!'>Error</a></li>
<li class='skip'><a href='#!'>Skip</a></li>
<li class='divider'></li>
<li class='clear'><a href='#!'>Clear Filters</a></li>
</ul>
</div>
<div>
<a id='clear-filters' alt='Clear Filters' title='Clear Filters'><i class='mdi-navigation-close icon'></i></a>
</div>
<div>&nbsp;&middot;&nbsp;</div>
<div>
<a id='enableDashboard' alt='Enable Dashboard' title='Enable Dashboard'><i class='mdi-action-track-changes icon'></i></a>
</div>
<div>
<a id='refreshCharts' alt='Refresh Charts on Filters' title='Refresh Charts on Filters' class='enabled'><i class='mdi-navigation-refresh icon'></i></i></a>
</div>
<div>&nbsp;&middot;</div>
<div class='search' alt='Search Tests' title='Search Tests'>
<div class='input-field left'>
<input id='searchTests' type='text' class='validate' placeholder='Search Tests...'>
</div>
<i class='mdi-action-search icon'></i>
</div>
</div>
<div class='card-panel no-padding-h no-padding-v no-margin-v'>
<div class='wrapper'>
<ul id='test-collection' class='test-collection'>
<li class='collection-item test displayed active pass ' extentid='8282b660-3d3a-41f7-8e81-9f50e5424f75'>
<div class='test-head'>
<span class='test-name'>verifyAccountTest() </span>
<span class='test-status label right outline capitalize pass'>pass</span>
<span class='category-assigned hide '></span>
</div>
<div class='test-body'>
<div class='test-info'>
<span title='Test started time' alt='Test started time' class='test-started-time label green lighten-1 text-white'>2018-02-22 23:06:49</span>
<span title='Test ended time' alt='Test ended time' class='test-ended-time label red lighten-1 text-white'>2018-02-22 23:10:38</span>
<span title='Time taken to finish' alt='Time taken to finish' class='test-time-taken label blue-grey lighten-3 text-white'>0h 3m 48s+906ms</span>
</div>
<div class='test-desc'></div>
<div class='test-attributes'>
</div>
<div class='test-steps'>
<table class='bordered table-results'>
<thead>
<tr>
<th>Status</th>
<th>Timestamp</th>
<th>Details</th>
</tr>
</thead>
<tbody>
<tr>
<td class='status info' title='info' alt='info'><i class='mdi-action-info-outline'></i></td>
<td class='timestamp'>23:06:49</td>
<td class='step-details'>StartTime 23.06.49</td>
</tr>
<tr>
<td class='status info' title='info' alt='info'><i class='mdi-action-info-outline'></i></td>
<td class='timestamp'>23:09:21</td>
<td class='step-details'>Clicked on SignIn button</td>
</tr>
<tr>
<td class='status info' title='info' alt='info'><i class='mdi-action-info-outline'></i></td>
<td class='timestamp'>23:09:42</td>
<td class='step-details'>Dataset selection screen appeared</td>
</tr>
<tr>
<td class='status info' title='info' alt='info'><i class='mdi-action-info-outline'></i></td>
<td class='timestamp'>23:10:22</td>
<td class='step-details'>Checking account exists</td>
</tr>
<tr>
<td class='status info' title='info' alt='info'><i class='mdi-action-info-outline'></i></td>
<td class='timestamp'>23:10:25</td>
<td class='step-details'>Account name verification on Transaction page Pass.</td>
</tr>
<tr>
<td class='status pass' title='pass' alt='pass'><i class='mdi-action-check-circle'></i></td>
<td class='timestamp'>23:10:38</td>
<td class='step-details'>verifyAccountTest</td>
</tr>
<tr>
<td class='status info' title='info' alt='info'><i class='mdi-action-info-outline'></i></td>
<td class='timestamp'>23:10:49</td>
<td class='step-details'>EndTime 23.10.49</td>
</tr>
</tbody>
</table>
<ul class='collapsible node-list' data-collapsible='accordion'>
</ul>
</div>
</div>
</li>
<li class='collection-item test displayed active fail ' extentid='0d132376-82e9-4c65-a528-0519e793d457'>
<div class='test-head'>
<span class='test-name'>settingsPageTest() </span>
<span class='test-status label right outline capitalize fail'>fail</span>
<span class='category-assigned hide '></span>
</div>
<div class='test-body'>
<div class='test-info'>
<span title='Test started time' alt='Test started time' class='test-started-time label green lighten-1 text-white'>2018-02-22 23:10:49</span>
<span title='Test ended time' alt='Test ended time' class='test-ended-time label red lighten-1 text-white'>2018-02-22 23:15:03</span>
<span title='Time taken to finish' alt='Time taken to finish' class='test-time-taken label blue-grey lighten-3 text-white'>0h 4m 14s+290ms</span>
</div>
<div class='test-desc'></div>
<div class='test-attributes'>
</div>
<div class='test-steps'>
<table class='bordered table-results'>
<thead>
<tr>
<th>Status</th>
<th>Timestamp</th>
<th>Details</th>
</tr>
</thead>
<tbody>
<tr>
<td class='status info' title='info' alt='info'><i class='mdi-action-info-outline'></i></td>
<td class='timestamp'>23:10:49</td>
<td class='step-details'>StartTime 23.10.49</td>
</tr>
<tr>
<td class='status error' title='error' alt='error'><i class='mdi-alert-error'></i></td>
<td class='timestamp'>23:13:15</td>
<td class='step-details'>SignIn widget not loaded</td>
</tr>
<tr>
<td class='status info' title='info' alt='info'><i class='mdi-action-info-outline'></i></td>
<td class='timestamp'>23:13:47</td>
<td class='step-details'>Clicked on SignIn button</td>
</tr>
<tr>
<td class='status info' title='info' alt='info'><i class='mdi-action-info-outline'></i></td>
<td class='timestamp'>23:14:09</td>
<td class='step-details'>Dataset selection screen appeared</td>
</tr>
<tr>
<td class='status info' title='info' alt='info'><i class='mdi-action-info-outline'></i></td>
<td class='timestamp'>23:14:50</td>
<td class='step-details'>PASS: QuickenID [stage++test@qa.com] verified successfully!</td>
</tr>
<tr>
<td class='status fail' title='fail' alt='fail'><i class='mdi-navigation-cancel'></i></td>
<td class='timestamp'>23:14:52</td>
<td class='step-details'>FAIL: cloud name [KF83] verification Failed.</td>
</tr>
<tr>
<td class='status info' title='info' alt='info'><i class='mdi-action-info-outline'></i></td>
<td class='timestamp'>23:14:53</td>
<td class='step-details'>Passcode verified successfully!</td>
</tr>
<tr>
<td class='status info' title='info' alt='info'><i class='mdi-action-info-outline'></i></td>
<td class='timestamp'>23:14:55</td>
<td class='step-details'>help verified successfully!</td>
</tr>
<tr>
<td class='status info' title='info' alt='info'><i class='mdi-action-info-outline'></i></td>
<td class='timestamp'>23:14:56</td>
<td class='step-details'>accounts verified successfully!</td>
</tr>
<tr>
<td class='status info' title='info' alt='info'><i class='mdi-action-info-outline'></i></td>
<td class='timestamp'>23:14:58</td>
<td class='step-details'>logout verified successfully!</td>
</tr>
<tr>
<td class='status pass' title='pass' alt='pass'><i class='mdi-action-check-circle'></i></td>
<td class='timestamp'>23:15:03</td>
<td class='step-details'>settingsPageTest</td>
</tr>
<tr>
<td class='status info' title='info' alt='info'><i class='mdi-action-info-outline'></i></td>
<td class='timestamp'>23:15:15</td>
<td class='step-details'>EndTime 23.15.15</td>
</tr>
</tbody>
</table>
<ul class='collapsible node-list' data-collapsible='accordion'>
</ul>
</div>
</div>
</li>
<li class='collection-item test displayed active error ' extentid='f5c1d528-a4a0-4329-9213-30fc5369f5fd'>
<div class='test-head'>
<span class='test-name'>RecentTransactionsTest() </span>
<span class='test-status label right outline capitalize error'>error</span>
<span class='category-assigned hide '></span>
</div>
<div class='test-body'>
<div class='test-info'>
<span title='Test started time' alt='Test started time' class='test-started-time label green lighten-1 text-white'>2018-02-22 23:15:15</span>
<span title='Test ended time' alt='Test ended time' class='test-ended-time label red lighten-1 text-white'>2018-02-22 23:19:38</span>
<span title='Time taken to finish' alt='Time taken to finish' class='test-time-taken label blue-grey lighten-3 text-white'>0h 4m 22s+785ms</span>
</div>
<div class='test-desc'></div>
<div class='test-attributes'>
</div>
<div class='test-steps'>
<table class='bordered table-results'>
<thead>
<tr>
<th>Status</th>
<th>Timestamp</th>
<th>Details</th>
</tr>
</thead>
<tbody>
<tr>
<td class='status info' title='info' alt='info'><i class='mdi-action-info-outline'></i></td>
<td class='timestamp'>23:15:15</td>
<td class='step-details'>StartTime 23.15.15</td>
</tr>
<tr>
<td class='status error' title='error' alt='error'><i class='mdi-alert-error'></i></td>
<td class='timestamp'>23:17:45</td>
<td class='step-details'>SignIn widget not loaded</td>
</tr>
<tr>
<td class='status info' title='info' alt='info'><i class='mdi-action-info-outline'></i></td>
<td class='timestamp'>23:18:14</td>
<td class='step-details'>Clicked on SignIn button</td>
</tr>
<tr>
<td class='status info' title='info' alt='info'><i class='mdi-action-info-outline'></i></td>
<td class='timestamp'>23:18:36</td>
<td class='step-details'>Dataset selection screen appeared</td>
</tr>
<tr>
<td class='status info' title='info' alt='info'><i class='mdi-action-info-outline'></i></td>
<td class='timestamp'>23:19:27</td>
<td class='step-details'>RecentTransactions card tap > All accounts screen got dispalyed.</td>
</tr>
<tr>
<td class='status info' title='info' alt='info'><i class='mdi-action-info-outline'></i></td>
<td class='timestamp'>23:19:35</td>
<td class='step-details'>RecentTransactions card, back button tap > Overview screen got dispalyed.</td>
</tr>
<tr>
<td class='status pass' title='pass' alt='pass'><i class='mdi-action-check-circle'></i></td>
<td class='timestamp'>23:19:38</td>
<td class='step-details'>RecentTransactionsTest</td>
</tr>
<tr>
<td class='status info' title='info' alt='info'><i class='mdi-action-info-outline'></i></td>
<td class='timestamp'>23:19:51</td>
<td class='step-details'>EndTime 23.19.51</td>
</tr>
</tbody>
</table>
<ul class='collapsible node-list' data-collapsible='accordion'>
</ul>
</div>
</div>
</li>
<li class='collection-item test displayed active error ' extentid='441ab5e9-5a64-469a-b515-c42e35feee4e'>
<div class='test-head'>
<span class='test-name'>TrendingCategoriesTest() </span>
<span class='test-status label right outline capitalize error'>error</span>
<span class='category-assigned hide '></span>
</div>
<div class='test-body'>
<div class='test-info'>
<span title='Test started time' alt='Test started time' class='test-started-time label green lighten-1 text-white'>2018-02-22 23:19:51</span>
<span title='Test ended time' alt='Test ended time' class='test-ended-time label red lighten-1 text-white'>2018-02-22 23:24:38</span>
<span title='Time taken to finish' alt='Time taken to finish' class='test-time-taken label blue-grey lighten-3 text-white'>0h 4m 47s+297ms</span>
</div>
<div class='test-desc'></div>
<div class='test-attributes'>
</div>
<div class='test-steps'>
<table class='bordered table-results'>
<thead>
<tr>
<th>Status</th>
<th>Timestamp</th>
<th>Details</th>
</tr>
</thead>
<tbody>
<tr>
<td class='status info' title='info' alt='info'><i class='mdi-action-info-outline'></i></td>
<td class='timestamp'>23:19:51</td>
<td class='step-details'>StartTime 23.19.51</td>
</tr>
<tr>
<td class='status error' title='error' alt='error'><i class='mdi-alert-error'></i></td>
<td class='timestamp'>23:22:15</td>
<td class='step-details'>SignIn widget not loaded</td>
</tr>
<tr>
<td class='status info' title='info' alt='info'><i class='mdi-action-info-outline'></i></td>
<td class='timestamp'>23:22:45</td>
<td class='step-details'>Clicked on SignIn button</td>
</tr>
<tr>
<td class='status info' title='info' alt='info'><i class='mdi-action-info-outline'></i></td>
<td class='timestamp'>23:23:06</td>
<td class='step-details'>Dataset selection screen appeared</td>
</tr>
<tr>
<td class='status info' title='info' alt='info'><i class='mdi-action-info-outline'></i></td>
<td class='timestamp'>23:24:05</td>
<td class='step-details'>SpendingTrend card tap >SpendingTrend screen got dispalyed.</td>
</tr>
<tr>
<td class='status info' title='info' alt='info'><i class='mdi-action-info-outline'></i></td>
<td class='timestamp'>23:24:38</td>
<td class='step-details'>SpendingTrend card, back button tap > Overview screen got dispalyed.</td>
</tr>
<tr>
<td class='status pass' title='pass' alt='pass'><i class='mdi-action-check-circle'></i></td>
<td class='timestamp'>23:24:38</td>
<td class='step-details'>TrendingCategoriesTest</td>
</tr>
<tr>
<td class='status info' title='info' alt='info'><i class='mdi-action-info-outline'></i></td>
<td class='timestamp'>23:24:48</td>
<td class='step-details'>EndTime 23.24.48</td>
</tr>
</tbody>
</table>
<ul class='collapsible node-list' data-collapsible='accordion'>
</ul>
</div>
</div>
</li>
<li class='collection-item test displayed active fail ' extentid='7d22e8a1-c9e6-4e80-89f3-2c72ccf04fd2'>
<div class='test-head'>
<span class='test-name'>cashflowTest() </span>
<span class='test-status label right outline capitalize fail'>fail</span>
<span class='category-assigned hide '></span>
</div>
<div class='test-body'>
<div class='test-info'>
<span title='Test started time' alt='Test started time' class='test-started-time label green lighten-1 text-white'>2018-02-22 23:24:48</span>
<span title='Test ended time' alt='Test ended time' class='test-ended-time label red lighten-1 text-white'>2018-02-22 23:28:38</span>
<span title='Time taken to finish' alt='Time taken to finish' class='test-time-taken label blue-grey lighten-3 text-white'>0h 3m 50s+528ms</span>
</div>
<div class='test-desc'></div>
<div class='test-attributes'>
</div>
<div class='test-steps'>
<table class='bordered table-results'>
<thead>
<tr>
<th>Status</th>
<th>Timestamp</th>
<th>Details</th>
</tr>
</thead>
<tbody>
<tr>
<td class='status info' title='info' alt='info'><i class='mdi-action-info-outline'></i></td>
<td class='timestamp'>23:24:48</td>
<td class='step-details'>StartTime 23.24.48</td>
</tr>
<tr>
<td class='status info' title='info' alt='info'><i class='mdi-action-info-outline'></i></td>
<td class='timestamp'>23:27:29</td>
<td class='step-details'>Clicked on SignIn button</td>
</tr>
<tr>
<td class='status info' title='info' alt='info'><i class='mdi-action-info-outline'></i></td>
<td class='timestamp'>23:27:50</td>
<td class='step-details'>Dataset selection screen appeared</td>
</tr>
<tr>
<td class='status fail' title='fail' alt='fail'><i class='mdi-navigation-cancel'></i></td>
<td class='timestamp'>23:28:38</td>
<td class='step-details'><pre>org.openqa.selenium.NoSuchElementException: Can't locate an element by this strategy: Locator map: 
- native content: "By.xpath: //*[@text='Transaction Summary']/../../*[@class='android.view.ViewGroup']" 
- html content: "by id or name "transactionSummaryCard""
For documentation on this error, please visit: http://seleniumhq.org/exceptions/no_such_element.html
Build info: version: '2.53.1', revision: 'a36b8b1cd5757287168e54b817830adce9b0158d', time: '2016-06-30 19:26:09'
System info: host: 'mac-kgrandhi.local', ip: '169.254.177.106', os.name: 'Mac OS X', os.arch: 'x86_64', os.version: '10.12.5', java.version: '1.8.0_60'
Driver info: driver.version: unknown
at io.appium.java_client.pagefactory.AppiumElementLocator.findElement(AppiumElementLocator.java:110)
at io.appium.java_client.pagefactory.interceptors.InterceptorOfASingleElement.intercept(InterceptorOfASingleElement.java:57)
at io.appium.java_client.android.AndroidElement$$EnhancerByCGLIB$$c0b591f0.click(<generated>)
at tournament.pract2_Test.cashflowTest(pract2_Test.java:309)
at sun.reflect.NativeMethodAccessorImpl.invoke0(Native Method)
at sun.reflect.NativeMethodAccessorImpl.invoke(NativeMethodAccessorImpl.java:62)
at sun.reflect.DelegatingMethodAccessorImpl.invoke(DelegatingMethodAccessorImpl.java:43)
at java.lang.reflect.Method.invoke(Method.java:497)
at org.testng.internal.MethodInvocationHelper.invokeMethod(MethodInvocationHelper.java:80)
at org.testng.internal.Invoker.invokeMethod(Invoker.java:714)
at org.testng.internal.Invoker.invokeTestMethod(Invoker.java:901)
at org.testng.internal.Invoker.invokeTestMethods(Invoker.java:1231)
at org.testng.internal.TestMethodWorker.invokeTestMethods(TestMethodWorker.java:127)
at org.testng.internal.TestMethodWorker.run(TestMethodWorker.java:111)
at org.testng.TestRunner.privateRun(TestRunner.java:767)
at org.testng.TestRunner.run(TestRunner.java:617)
at org.testng.SuiteRunner.runTest(SuiteRunner.java:334)
at org.testng.SuiteRunner.runSequentially(SuiteRunner.java:329)
at org.testng.SuiteRunner.privateRun(SuiteRunner.java:291)
at org.testng.SuiteRunner.run(SuiteRunner.java:240)
at org.testng.SuiteRunnerWorker.runSuite(SuiteRunnerWorker.java:52)
at org.testng.SuiteRunnerWorker.run(SuiteRunnerWorker.java:86)
at org.testng.TestNG.runSuitesSequentially(TestNG.java:1198)
at org.testng.TestNG.runSuitesLocally(TestNG.java:1123)
at org.testng.TestNG.run(TestNG.java:1031)
at org.apache.maven.surefire.testng.TestNGExecutor.run(TestNGExecutor.java:77)
at org.apache.maven.surefire.testng.TestNGDirectoryTestSuite.executeMulti(TestNGDirectoryTestSuite.java:159)
at org.apache.maven.surefire.testng.TestNGDirectoryTestSuite.execute(TestNGDirectoryTestSuite.java:99)
at org.apache.maven.surefire.testng.TestNGProvider.invoke(TestNGProvider.java:106)
at sun.reflect.NativeMethodAccessorImpl.invoke0(Native Method)
at sun.reflect.NativeMethodAccessorImpl.invoke(NativeMethodAccessorImpl.java:62)
at sun.reflect.DelegatingMethodAccessorImpl.invoke(DelegatingMethodAccessorImpl.java:43)
at java.lang.reflect.Method.invoke(Method.java:497)
at org.apache.maven.surefire.util.ReflectionUtils.invokeMethodWithArray(ReflectionUtils.java:189)
at org.apache.maven.surefire.booter.ProviderFactory$ProviderProxy.invoke(ProviderFactory.java:165)
at org.apache.maven.surefire.booter.ProviderFactory.invokeProvider(ProviderFactory.java:85)
at org.apache.maven.surefire.booter.ForkedBooter.runSuitesInProcess(ForkedBooter.java:115)
at org.apache.maven.surefire.booter.ForkedBooter.main(ForkedBooter.java:75)
</pre></td>
</tr>
<tr>
<td class='status pass' title='pass' alt='pass'><i class='mdi-action-check-circle'></i></td>
<td class='timestamp'>23:28:38</td>
<td class='step-details'>cashflowTest</td>
</tr>
<tr>
<td class='status info' title='info' alt='info'><i class='mdi-action-info-outline'></i></td>
<td class='timestamp'>23:28:48</td>
<td class='step-details'>EndTime 23.28.48</td>
</tr>
</tbody>
</table>
<ul class='collapsible node-list' data-collapsible='accordion'>
</ul>
</div>
</div>
</li>
<li class='collection-item test displayed active fail ' extentid='1cdd6a73-61d0-472e-903e-7fb827f6ca16'>
<div class='test-head'>
<span class='test-name'>InvestingTest() </span>
<span class='test-status label right outline capitalize fail'>fail</span>
<span class='category-assigned hide '></span>
</div>
<div class='test-body'>
<div class='test-info'>
<span title='Test started time' alt='Test started time' class='test-started-time label green lighten-1 text-white'>2018-02-22 23:28:48</span>
<span title='Test ended time' alt='Test ended time' class='test-ended-time label red lighten-1 text-white'>2018-02-22 23:34:00</span>
<span title='Time taken to finish' alt='Time taken to finish' class='test-time-taken label blue-grey lighten-3 text-white'>0h 5m 12s+525ms</span>
</div>
<div class='test-desc'></div>
<div class='test-attributes'>
</div>
<div class='test-steps'>
<table class='bordered table-results'>
<thead>
<tr>
<th>Status</th>
<th>Timestamp</th>
<th>Details</th>
</tr>
</thead>
<tbody>
<tr>
<td class='status info' title='info' alt='info'><i class='mdi-action-info-outline'></i></td>
<td class='timestamp'>23:28:48</td>
<td class='step-details'>StartTime 23.28.48</td>
</tr>
<tr>
<td class='status info' title='info' alt='info'><i class='mdi-action-info-outline'></i></td>
<td class='timestamp'>23:31:30</td>
<td class='step-details'>Clicked on SignIn button</td>
</tr>
<tr>
<td class='status info' title='info' alt='info'><i class='mdi-action-info-outline'></i></td>
<td class='timestamp'>23:31:52</td>
<td class='step-details'>Dataset selection screen appeared</td>
</tr>
<tr>
<td class='status info' title='info' alt='info'><i class='mdi-action-info-outline'></i></td>
<td class='timestamp'>23:32:57</td>
<td class='step-details'>investing card tap >Investing page got dispalyed.</td>
</tr>
<tr>
<td class='status fail' title='fail' alt='fail'><i class='mdi-navigation-cancel'></i></td>
<td class='timestamp'>23:32:59</td>
<td class='step-details'>investing card, securities tab did not appear.</td>
</tr>
<tr>
<td class='status info' title='info' alt='info'><i class='mdi-action-info-outline'></i></td>
<td class='timestamp'>23:33:01</td>
<td class='step-details'>investing card, accounts tab got dispalyed.</td>
</tr>
<tr>
<td class='status info' title='info' alt='info'><i class='mdi-action-info-outline'></i></td>
<td class='timestamp'>23:33:02</td>
<td class='step-details'>investing card, today's change label got dispalyed.</td>
</tr>
<tr>
<td class='status info' title='info' alt='info'><i class='mdi-action-info-outline'></i></td>
<td class='timestamp'>23:33:04</td>
<td class='step-details'>investing card, total value label got dispalyed.</td>
</tr>
<tr>
<td class='status info' title='info' alt='info'><i class='mdi-action-info-outline'></i></td>
<td class='timestamp'>23:33:05</td>
<td class='step-details'>investing card, cash balances label got dispalyed.</td>
</tr>
<tr>
<td class='status info' title='info' alt='info'><i class='mdi-action-info-outline'></i></td>
<td class='timestamp'>23:33:07</td>
<td class='step-details'>investing card, default option securitiesByCompanyNameLabel got dispalyed.</td>
</tr>
<tr>
<td class='status info' title='info' alt='info'><i class='mdi-action-info-outline'></i></td>
<td class='timestamp'>23:33:16</td>
<td class='step-details'>investing card > Accounts tab,  brokerage acct got dispalyed.</td>
</tr>
<tr>
<td class='status info' title='info' alt='info'><i class='mdi-action-info-outline'></i></td>
<td class='timestamp'>23:33:18</td>
<td class='step-details'>investing card > Accounts tab,  brokerage acct has 5 holdings .</td>
</tr>
<tr>
<td class='status info' title='info' alt='info'><i class='mdi-action-info-outline'></i></td>
<td class='timestamp'>23:34:00</td>
<td class='step-details'>Investing card, back button tap > Overview screen got dispalyed.</td>
</tr>
<tr>
<td class='status fail' title='fail' alt='fail'><i class='mdi-navigation-cancel'></i></td>
<td class='timestamp'>23:34:00</td>
<td class='step-details'>investing card, securities tab did not appear. expected [true] but found [false]</td>
</tr>
<tr>
<td class='status info' title='info' alt='info'><i class='mdi-action-info-outline'></i></td>
<td class='timestamp'>23:34:09</td>
<td class='step-details'>EndTime 23.34.09</td>
</tr>
</tbody>
</table>
<ul class='collapsible node-list' data-collapsible='accordion'>
</ul>
</div>
</div>
</li>
<li class='collection-item test displayed active fail ' extentid='c0625343-2f1e-4a7b-b69b-db099bf02f42'>
<div class='test-head'>
<span class='test-name'>accountsCardLabelWithNoCashVerifyTest() </span>
<span class='test-status label right outline capitalize fail'>fail</span>
<span class='category-assigned hide '></span>
</div>
<div class='test-body'>
<div class='test-info'>
<span title='Test started time' alt='Test started time' class='test-started-time label green lighten-1 text-white'>2018-02-22 23:34:09</span>
<span title='Test ended time' alt='Test ended time' class='test-ended-time label red lighten-1 text-white'>2018-02-22 23:37:34</span>
<span title='Time taken to finish' alt='Time taken to finish' class='test-time-taken label blue-grey lighten-3 text-white'>0h 3m 25s+34ms</span>
</div>
<div class='test-desc'></div>
<div class='test-attributes'>
</div>
<div class='test-steps'>
<table class='bordered table-results'>
<thead>
<tr>
<th>Status</th>
<th>Timestamp</th>
<th>Details</th>
</tr>
</thead>
<tbody>
<tr>
<td class='status info' title='info' alt='info'><i class='mdi-action-info-outline'></i></td>
<td class='timestamp'>23:34:09</td>
<td class='step-details'>StartTime 23.34.09</td>
</tr>
<tr>
<td class='status info' title='info' alt='info'><i class='mdi-action-info-outline'></i></td>
<td class='timestamp'>23:36:49</td>
<td class='step-details'>Clicked on SignIn button</td>
</tr>
<tr>
<td class='status error' title='error' alt='error'><i class='mdi-alert-error'></i></td>
<td class='timestamp'>23:37:10</td>
<td class='step-details'>The test with session id 115bd5798f9c42668fe56681475c9865 has already finished, and can't receive further commands.
You can learn more at https://saucelabs.com/jobs/115bd5798f9c42668fe56681475c9865
For help, please check https://wiki.saucelabs.com/display/DOCS/Common+Error+Messages
Command duration or timeout: 355 milliseconds
Build info: version: '2.53.1', revision: 'a36b8b1cd5757287168e54b817830adce9b0158d', time: '2016-06-30 19:26:09'
System info: host: 'mac-kgrandhi.local', ip: '169.254.177.106', os.name: 'Mac OS X', os.arch: 'x86_64', os.version: '10.12.5', java.version: '1.8.0_60'
Driver info: io.appium.java_client.android.AndroidDriver
Capabilities [{appPackage=com.quicken.qm2014, noReset=true, webdriver.remote.quietExceptions=false, deviceName=emulator-5554, platform=LINUX, deviceUDID=emulator-5554, desired={appPackage=com.quicken.qm2014, app=/tmp/tmpn8NGX5/Quicken.apk, orientation=PORTRAIT, noReset=true, webdriver.remote.quietExceptions=false, autoWebView=true, deviceName=Android Emulator, appActivity=com.quicken.qm2014.MainActivity, proxy={proxyAutoconfigUrl=http://127.0.0.1:19876/pac.js, proxyType=PAC}, maxTypingFrequency=8, newCommandTimeout=1120, platformVersion=6.0, automationName=appium, browserName=, udid=emulator-5554, platformName=Android, eventTimings=true, noResetValue=true}, maxTypingFrequency=8, newCommandTimeout=1120, platformVersion=6.0, webStorageEnabled=false, automationName=appium, takesScreenshot=true, browserName=, javascriptEnabled=true, deviceManufacturer=unknown, platformName=Android, udid=emulator-5554, events={commands=[]}, noResetValue=true, app=/tmp/tmpn8NGX5/Quicken.apk, deviceScreenSize=768x1280, orientation=PORTRAIT, networkConnectionEnabled=true, warnings={}, autoWebView=true, hasMetadata=true, databaseEnabled=false, appActivity=com.quicken.qm2014.MainActivity, proxy={proxyAutoconfigUrl=http://127.0.0.1:19876/pac.js, proxyType=PAC}, webdriver.remote.sessionid=115bd5798f9c42668fe56681475c9865, locationContextEnabled=false, deviceModel=Android SDK built for x86_64, eventTimings=true}]
Session ID: 115bd5798f9c42668fe56681475c9865</td>
</tr>
<tr>
<td class='status error' title='error' alt='error'><i class='mdi-alert-error'></i></td>
<td class='timestamp'>23:37:31</td>
<td class='step-details'>The test with session id 115bd5798f9c42668fe56681475c9865 has already finished, and can't receive further commands.
You can learn more at https://saucelabs.com/jobs/115bd5798f9c42668fe56681475c9865
For help, please check https://wiki.saucelabs.com/display/DOCS/Common+Error+Messages
Command duration or timeout: 308 milliseconds
Build info: version: '2.53.1', revision: 'a36b8b1cd5757287168e54b817830adce9b0158d', time: '2016-06-30 19:26:09'
System info: host: 'mac-kgrandhi.local', ip: '169.254.177.106', os.name: 'Mac OS X', os.arch: 'x86_64', os.version: '10.12.5', java.version: '1.8.0_60'
Driver info: io.appium.java_client.android.AndroidDriver
Capabilities [{appPackage=com.quicken.qm2014, noReset=true, webdriver.remote.quietExceptions=false, deviceName=emulator-5554, platform=LINUX, deviceUDID=emulator-5554, desired={appPackage=com.quicken.qm2014, app=/tmp/tmpn8NGX5/Quicken.apk, orientation=PORTRAIT, noReset=true, webdriver.remote.quietExceptions=false, autoWebView=true, deviceName=Android Emulator, appActivity=com.quicken.qm2014.MainActivity, proxy={proxyAutoconfigUrl=http://127.0.0.1:19876/pac.js, proxyType=PAC}, maxTypingFrequency=8, newCommandTimeout=1120, platformVersion=6.0, automationName=appium, browserName=, udid=emulator-5554, platformName=Android, eventTimings=true, noResetValue=true}, maxTypingFrequency=8, newCommandTimeout=1120, platformVersion=6.0, webStorageEnabled=false, automationName=appium, takesScreenshot=true, browserName=, javascriptEnabled=true, deviceManufacturer=unknown, platformName=Android, udid=emulator-5554, events={commands=[]}, noResetValue=true, app=/tmp/tmpn8NGX5/Quicken.apk, deviceScreenSize=768x1280, orientation=PORTRAIT, networkConnectionEnabled=true, warnings={}, autoWebView=true, hasMetadata=true, databaseEnabled=false, appActivity=com.quicken.qm2014.MainActivity, proxy={proxyAutoconfigUrl=http://127.0.0.1:19876/pac.js, proxyType=PAC}, webdriver.remote.sessionid=115bd5798f9c42668fe56681475c9865, locationContextEnabled=false, deviceModel=Android SDK built for x86_64, eventTimings=true}]
Session ID: 115bd5798f9c42668fe56681475c9865</td>
</tr>
<tr>
<td class='status fail' title='fail' alt='fail'><i class='mdi-navigation-cancel'></i></td>
<td class='timestamp'>23:37:31</td>
<td class='step-details'>Overview screen did not appear after signIn.</td>
</tr>
<tr>
<td class='status error' title='error' alt='error'><i class='mdi-alert-error'></i></td>
<td class='timestamp'>23:37:31</td>
<td class='step-details'>The test with session id 115bd5798f9c42668fe56681475c9865 has already finished, and can't receive further commands.
You can learn more at https://saucelabs.com/jobs/115bd5798f9c42668fe56681475c9865
For help, please check https://wiki.saucelabs.com/display/DOCS/Common+Error+Messages
Command duration or timeout: 308 milliseconds
Build info: version: '2.53.1', revision: 'a36b8b1cd5757287168e54b817830adce9b0158d', time: '2016-06-30 19:26:09'
System info: host: 'mac-kgrandhi.local', ip: '169.254.177.106', os.name: 'Mac OS X', os.arch: 'x86_64', os.version: '10.12.5', java.version: '1.8.0_60'
Driver info: io.appium.java_client.android.AndroidDriver
Capabilities [{appPackage=com.quicken.qm2014, noReset=true, webdriver.remote.quietExceptions=false, deviceName=emulator-5554, platform=LINUX, deviceUDID=emulator-5554, desired={appPackage=com.quicken.qm2014, app=/tmp/tmpn8NGX5/Quicken.apk, orientation=PORTRAIT, noReset=true, webdriver.remote.quietExceptions=false, autoWebView=true, deviceName=Android Emulator, appActivity=com.quicken.qm2014.MainActivity, proxy={proxyAutoconfigUrl=http://127.0.0.1:19876/pac.js, proxyType=PAC}, maxTypingFrequency=8, newCommandTimeout=1120, platformVersion=6.0, automationName=appium, browserName=, udid=emulator-5554, platformName=Android, eventTimings=true, noResetValue=true}, maxTypingFrequency=8, newCommandTimeout=1120, platformVersion=6.0, webStorageEnabled=false, automationName=appium, takesScreenshot=true, browserName=, javascriptEnabled=true, deviceManufacturer=unknown, platformName=Android, udid=emulator-5554, events={commands=[]}, noResetValue=true, app=/tmp/tmpn8NGX5/Quicken.apk, deviceScreenSize=768x1280, orientation=PORTRAIT, networkConnectionEnabled=true, warnings={}, autoWebView=true, hasMetadata=true, databaseEnabled=false, appActivity=com.quicken.qm2014.MainActivity, proxy={proxyAutoconfigUrl=http://127.0.0.1:19876/pac.js, proxyType=PAC}, webdriver.remote.sessionid=115bd5798f9c42668fe56681475c9865, locationContextEnabled=false, deviceModel=Android SDK built for x86_64, eventTimings=true}]
Session ID: 115bd5798f9c42668fe56681475c9865</td>
</tr>
<tr>
<td class='status fail' title='fail' alt='fail'><i class='mdi-navigation-cancel'></i></td>
<td class='timestamp'>23:37:31</td>
<td class='step-details'>Accounts card > Checking label did not appear.</td>
</tr>
<tr>
<td class='status error' title='error' alt='error'><i class='mdi-alert-error'></i></td>
<td class='timestamp'>23:37:32</td>
<td class='step-details'>The test with session id 115bd5798f9c42668fe56681475c9865 has already finished, and can't receive further commands.
You can learn more at https://saucelabs.com/jobs/115bd5798f9c42668fe56681475c9865
For help, please check https://wiki.saucelabs.com/display/DOCS/Common+Error+Messages
Command duration or timeout: 305 milliseconds
Build info: version: '2.53.1', revision: 'a36b8b1cd5757287168e54b817830adce9b0158d', time: '2016-06-30 19:26:09'
System info: host: 'mac-kgrandhi.local', ip: '169.254.177.106', os.name: 'Mac OS X', os.arch: 'x86_64', os.version: '10.12.5', java.version: '1.8.0_60'
Driver info: io.appium.java_client.android.AndroidDriver
Capabilities [{appPackage=com.quicken.qm2014, noReset=true, webdriver.remote.quietExceptions=false, deviceName=emulator-5554, platform=LINUX, deviceUDID=emulator-5554, desired={appPackage=com.quicken.qm2014, app=/tmp/tmpn8NGX5/Quicken.apk, orientation=PORTRAIT, noReset=true, webdriver.remote.quietExceptions=false, autoWebView=true, deviceName=Android Emulator, appActivity=com.quicken.qm2014.MainActivity, proxy={proxyAutoconfigUrl=http://127.0.0.1:19876/pac.js, proxyType=PAC}, maxTypingFrequency=8, newCommandTimeout=1120, platformVersion=6.0, automationName=appium, browserName=, udid=emulator-5554, platformName=Android, eventTimings=true, noResetValue=true}, maxTypingFrequency=8, newCommandTimeout=1120, platformVersion=6.0, webStorageEnabled=false, automationName=appium, takesScreenshot=true, browserName=, javascriptEnabled=true, deviceManufacturer=unknown, platformName=Android, udid=emulator-5554, events={commands=[]}, noResetValue=true, app=/tmp/tmpn8NGX5/Quicken.apk, deviceScreenSize=768x1280, orientation=PORTRAIT, networkConnectionEnabled=true, warnings={}, autoWebView=true, hasMetadata=true, databaseEnabled=false, appActivity=com.quicken.qm2014.MainActivity, proxy={proxyAutoconfigUrl=http://127.0.0.1:19876/pac.js, proxyType=PAC}, webdriver.remote.sessionid=115bd5798f9c42668fe56681475c9865, locationContextEnabled=false, deviceModel=Android SDK built for x86_64, eventTimings=true}]
Session ID: 115bd5798f9c42668fe56681475c9865</td>
</tr>
<tr>
<td class='status fail' title='fail' alt='fail'><i class='mdi-navigation-cancel'></i></td>
<td class='timestamp'>23:37:32</td>
<td class='step-details'>Accounts card > Savings label did not appear.</td>
</tr>
<tr>
<td class='status error' title='error' alt='error'><i class='mdi-alert-error'></i></td>
<td class='timestamp'>23:37:33</td>
<td class='step-details'>The test with session id 115bd5798f9c42668fe56681475c9865 has already finished, and can't receive further commands.
You can learn more at https://saucelabs.com/jobs/115bd5798f9c42668fe56681475c9865
For help, please check https://wiki.saucelabs.com/display/DOCS/Common+Error+Messages
Command duration or timeout: 402 milliseconds
Build info: version: '2.53.1', revision: 'a36b8b1cd5757287168e54b817830adce9b0158d', time: '2016-06-30 19:26:09'
System info: host: 'mac-kgrandhi.local', ip: '169.254.177.106', os.name: 'Mac OS X', os.arch: 'x86_64', os.version: '10.12.5', java.version: '1.8.0_60'
Driver info: io.appium.java_client.android.AndroidDriver
Capabilities [{appPackage=com.quicken.qm2014, noReset=true, webdriver.remote.quietExceptions=false, deviceName=emulator-5554, platform=LINUX, deviceUDID=emulator-5554, desired={appPackage=com.quicken.qm2014, app=/tmp/tmpn8NGX5/Quicken.apk, orientation=PORTRAIT, noReset=true, webdriver.remote.quietExceptions=false, autoWebView=true, deviceName=Android Emulator, appActivity=com.quicken.qm2014.MainActivity, proxy={proxyAutoconfigUrl=http://127.0.0.1:19876/pac.js, proxyType=PAC}, maxTypingFrequency=8, newCommandTimeout=1120, platformVersion=6.0, automationName=appium, browserName=, udid=emulator-5554, platformName=Android, eventTimings=true, noResetValue=true}, maxTypingFrequency=8, newCommandTimeout=1120, platformVersion=6.0, webStorageEnabled=false, automationName=appium, takesScreenshot=true, browserName=, javascriptEnabled=true, deviceManufacturer=unknown, platformName=Android, udid=emulator-5554, events={commands=[]}, noResetValue=true, app=/tmp/tmpn8NGX5/Quicken.apk, deviceScreenSize=768x1280, orientation=PORTRAIT, networkConnectionEnabled=true, warnings={}, autoWebView=true, hasMetadata=true, databaseEnabled=false, appActivity=com.quicken.qm2014.MainActivity, proxy={proxyAutoconfigUrl=http://127.0.0.1:19876/pac.js, proxyType=PAC}, webdriver.remote.sessionid=115bd5798f9c42668fe56681475c9865, locationContextEnabled=false, deviceModel=Android SDK built for x86_64, eventTimings=true}]
Session ID: 115bd5798f9c42668fe56681475c9865</td>
</tr>
<tr>
<td class='status fail' title='fail' alt='fail'><i class='mdi-navigation-cancel'></i></td>
<td class='timestamp'>23:37:33</td>
<td class='step-details'>Accounts card > Credit label did not appear.</td>
</tr>
<tr>
<td class='status error' title='error' alt='error'><i class='mdi-alert-error'></i></td>
<td class='timestamp'>23:37:33</td>
<td class='step-details'>The test with session id 115bd5798f9c42668fe56681475c9865 has already finished, and can't receive further commands.
You can learn more at https://saucelabs.com/jobs/115bd5798f9c42668fe56681475c9865
For help, please check https://wiki.saucelabs.com/display/DOCS/Common+Error+Messages
Command duration or timeout: 308 milliseconds
Build info: version: '2.53.1', revision: 'a36b8b1cd5757287168e54b817830adce9b0158d', time: '2016-06-30 19:26:09'
System info: host: 'mac-kgrandhi.local', ip: '169.254.177.106', os.name: 'Mac OS X', os.arch: 'x86_64', os.version: '10.12.5', java.version: '1.8.0_60'
Driver info: io.appium.java_client.android.AndroidDriver
Capabilities [{appPackage=com.quicken.qm2014, noReset=true, webdriver.remote.quietExceptions=false, deviceName=emulator-5554, platform=LINUX, deviceUDID=emulator-5554, desired={appPackage=com.quicken.qm2014, app=/tmp/tmpn8NGX5/Quicken.apk, orientation=PORTRAIT, noReset=true, webdriver.remote.quietExceptions=false, autoWebView=true, deviceName=Android Emulator, appActivity=com.quicken.qm2014.MainActivity, proxy={proxyAutoconfigUrl=http://127.0.0.1:19876/pac.js, proxyType=PAC}, maxTypingFrequency=8, newCommandTimeout=1120, platformVersion=6.0, automationName=appium, browserName=, udid=emulator-5554, platformName=Android, eventTimings=true, noResetValue=true}, maxTypingFrequency=8, newCommandTimeout=1120, platformVersion=6.0, webStorageEnabled=false, automationName=appium, takesScreenshot=true, browserName=, javascriptEnabled=true, deviceManufacturer=unknown, platformName=Android, udid=emulator-5554, events={commands=[]}, noResetValue=true, app=/tmp/tmpn8NGX5/Quicken.apk, deviceScreenSize=768x1280, orientation=PORTRAIT, networkConnectionEnabled=true, warnings={}, autoWebView=true, hasMetadata=true, databaseEnabled=false, appActivity=com.quicken.qm2014.MainActivity, proxy={proxyAutoconfigUrl=http://127.0.0.1:19876/pac.js, proxyType=PAC}, webdriver.remote.sessionid=115bd5798f9c42668fe56681475c9865, locationContextEnabled=false, deviceModel=Android SDK built for x86_64, eventTimings=true}]
Session ID: 115bd5798f9c42668fe56681475c9865</td>
</tr>
<tr>
<td class='status fail' title='fail' alt='fail'><i class='mdi-navigation-cancel'></i></td>
<td class='timestamp'>23:37:33</td>
<td class='step-details'>Accounts card > Other label did not appear.</td>
</tr>
<tr>
<td class='status error' title='error' alt='error'><i class='mdi-alert-error'></i></td>
<td class='timestamp'>23:37:34</td>
<td class='step-details'>The test with session id 115bd5798f9c42668fe56681475c9865 has already finished, and can't receive further commands.
You can learn more at https://saucelabs.com/jobs/115bd5798f9c42668fe56681475c9865
For help, please check https://wiki.saucelabs.com/display/DOCS/Common+Error+Messages
Command duration or timeout: 307 milliseconds
Build info: version: '2.53.1', revision: 'a36b8b1cd5757287168e54b817830adce9b0158d', time: '2016-06-30 19:26:09'
System info: host: 'mac-kgrandhi.local', ip: '169.254.177.106', os.name: 'Mac OS X', os.arch: 'x86_64', os.version: '10.12.5', java.version: '1.8.0_60'
Driver info: io.appium.java_client.android.AndroidDriver
Capabilities [{appPackage=com.quicken.qm2014, noReset=true, webdriver.remote.quietExceptions=false, deviceName=emulator-5554, platform=LINUX, deviceUDID=emulator-5554, desired={appPackage=com.quicken.qm2014, app=/tmp/tmpn8NGX5/Quicken.apk, orientation=PORTRAIT, noReset=true, webdriver.remote.quietExceptions=false, autoWebView=true, deviceName=Android Emulator, appActivity=com.quicken.qm2014.MainActivity, proxy={proxyAutoconfigUrl=http://127.0.0.1:19876/pac.js, proxyType=PAC}, maxTypingFrequency=8, newCommandTimeout=1120, platformVersion=6.0, automationName=appium, browserName=, udid=emulator-5554, platformName=Android, eventTimings=true, noResetValue=true}, maxTypingFrequency=8, newCommandTimeout=1120, platformVersion=6.0, webStorageEnabled=false, automationName=appium, takesScreenshot=true, browserName=, javascriptEnabled=true, deviceManufacturer=unknown, platformName=Android, udid=emulator-5554, events={commands=[]}, noResetValue=true, app=/tmp/tmpn8NGX5/Quicken.apk, deviceScreenSize=768x1280, orientation=PORTRAIT, networkConnectionEnabled=true, warnings={}, autoWebView=true, hasMetadata=true, databaseEnabled=false, appActivity=com.quicken.qm2014.MainActivity, proxy={proxyAutoconfigUrl=http://127.0.0.1:19876/pac.js, proxyType=PAC}, webdriver.remote.sessionid=115bd5798f9c42668fe56681475c9865, locationContextEnabled=false, deviceModel=Android SDK built for x86_64, eventTimings=true}]
Session ID: 115bd5798f9c42668fe56681475c9865</td>
</tr>
<tr>
<td class='status fail' title='fail' alt='fail'><i class='mdi-navigation-cancel'></i></td>
<td class='timestamp'>23:37:34</td>
<td class='step-details'>Accounts card > Total label did not appear.</td>
</tr>
<tr>
<td class='status error' title='error' alt='error'><i class='mdi-alert-error'></i></td>
<td class='timestamp'>23:37:34</td>
<td class='step-details'>The test with session id 115bd5798f9c42668fe56681475c9865 has already finished, and can't receive further commands.
You can learn more at https://saucelabs.com/jobs/115bd5798f9c42668fe56681475c9865
For help, please check https://wiki.saucelabs.com/display/DOCS/Common+Error+Messages
Command duration or timeout: 306 milliseconds
Build info: version: '2.53.1', revision: 'a36b8b1cd5757287168e54b817830adce9b0158d', time: '2016-06-30 19:26:09'
System info: host: 'mac-kgrandhi.local', ip: '169.254.177.106', os.name: 'Mac OS X', os.arch: 'x86_64', os.version: '10.12.5', java.version: '1.8.0_60'
Driver info: io.appium.java_client.android.AndroidDriver
Capabilities [{appPackage=com.quicken.qm2014, noReset=true, webdriver.remote.quietExceptions=false, deviceName=emulator-5554, platform=LINUX, deviceUDID=emulator-5554, desired={appPackage=com.quicken.qm2014, app=/tmp/tmpn8NGX5/Quicken.apk, orientation=PORTRAIT, noReset=true, webdriver.remote.quietExceptions=false, autoWebView=true, deviceName=Android Emulator, appActivity=com.quicken.qm2014.MainActivity, proxy={proxyAutoconfigUrl=http://127.0.0.1:19876/pac.js, proxyType=PAC}, maxTypingFrequency=8, newCommandTimeout=1120, platformVersion=6.0, automationName=appium, browserName=, udid=emulator-5554, platformName=Android, eventTimings=true, noResetValue=true}, maxTypingFrequency=8, newCommandTimeout=1120, platformVersion=6.0, webStorageEnabled=false, automationName=appium, takesScreenshot=true, browserName=, javascriptEnabled=true, deviceManufacturer=unknown, platformName=Android, udid=emulator-5554, events={commands=[]}, noResetValue=true, app=/tmp/tmpn8NGX5/Quicken.apk, deviceScreenSize=768x1280, orientation=PORTRAIT, networkConnectionEnabled=true, warnings={}, autoWebView=true, hasMetadata=true, databaseEnabled=false, appActivity=com.quicken.qm2014.MainActivity, proxy={proxyAutoconfigUrl=http://127.0.0.1:19876/pac.js, proxyType=PAC}, webdriver.remote.sessionid=115bd5798f9c42668fe56681475c9865, locationContextEnabled=false, deviceModel=Android SDK built for x86_64, eventTimings=true}]
Session ID: 115bd5798f9c42668fe56681475c9865</td>
</tr>
<tr>
<td class='status info' title='info' alt='info'><i class='mdi-action-info-outline'></i></td>
<td class='timestamp'>23:37:34</td>
<td class='step-details'>Accounts card > Cash label is not present, no cash accts for the user.</td>
</tr>
<tr>
<td class='status pass' title='pass' alt='pass'><i class='mdi-action-check-circle'></i></td>
<td class='timestamp'>23:37:34</td>
<td class='step-details'>accountsCardLabelWithNoCashVerifyTest</td>
</tr>
</tbody>
</table>
<ul class='collapsible node-list' data-collapsible='accordion'>
</ul>
</div>
</div>
</li>
</ul>
</div>
</div>
</div>
</div>
<div id='test-details-wrapper' class='col _addedCell2'>
<div class='contents'>
<div class='card-panel details-view'>
<h5 class='details-name'></h5>
<div class='details-container'>
</div>
</div>
</div>
</div>
</div>
<!-- /tests -->

<!-- categories -->
<!-- /categories -->

<!-- exceptions -->
<div id='exceptions-view' class='row _addedTable hide'>
<div class='col _addedCell1'>
<div class='contents'>
<div class='card-panel heading'>
<h5>Defects</h5>
</div>
<div class='card-panel filters'>
<div class='search' alt='Search tests' title='Search tests'>
<div class='input-field left'>
<input id='searchTests' type='text' class='validate' placeholder='Search tests...'>
</div>
<i class='mdi-action-search icon'></i>
</div>
</div>
<div class='card-panel no-padding-h no-padding-v'>
<div class='wrapper'>
<ul id='exception-collection' class='exception-collection'>
<li class='exception-item displayed'>
<div class='exception-head'>
<span class='exception-name'>org.openqa.selenium.NoSuchElementException</span>
</div>
<div class='exception-test-count'>
<span class='fail label'>1</span>
</div>
<div class='exception-body'>
<div class='exception-tests'>
<table class='bordered'>
<thead>
<tr>
<th>RunDate</th>
<th>Test Name</th>
<th>Exception</th>
</tr>
</thead>
<tbody>
<tr class='fail'>
<td>2018-02-22 23:24:48</td>
<td><span class='exception-link linked' extentid='7d22e8a1-c9e6-4e80-89f3-2c72ccf04fd2'>cashflowTest()</span></td>
<td><pre class='exception-message'>org.openqa.selenium.NoSuchElementException: Can't locate an element by this strategy: Locator map: 
- native content: "By.xpath: //*[@text='Transaction Summary']/../../*[@class='android.view.ViewGroup']" 
- html content: "by id or name "transactionSummaryCard""
For documentation on this error, please visit: http://seleniumhq.org/exceptions/no_such_element.html
Build info: version: '2.53.1', revision: 'a36b8b1cd5757287168e54b817830adce9b0158d', time: '2016-06-30 19:26:09'
System info: host: 'mac-kgrandhi.local', ip: '169.254.177.106', os.name: 'Mac OS X', os.arch: 'x86_64', os.version: '10.12.5', java.version: '1.8.0_60'
Driver info: driver.version: unknown
at io.appium.java_client.pagefactory.AppiumElementLocator.findElement(AppiumElementLocator.java:110)
at io.appium.java_client.pagefactory.interceptors.InterceptorOfASingleElement.intercept(InterceptorOfASingleElement.java:57)
at io.appium.java_client.android.AndroidElement$$EnhancerByCGLIB$$c0b591f0.click(<generated>)
at tournament.pract2_Test.cashflowTest(pract2_Test.java:309)
at sun.reflect.NativeMethodAccessorImpl.invoke0(Native Method)
at sun.reflect.NativeMethodAccessorImpl.invoke(NativeMethodAccessorImpl.java:62)
at sun.reflect.DelegatingMethodAccessorImpl.invoke(DelegatingMethodAccessorImpl.java:43)
at java.lang.reflect.Method.invoke(Method.java:497)
at org.testng.internal.MethodInvocationHelper.invokeMethod(MethodInvocationHelper.java:80)
at org.testng.internal.Invoker.invokeMethod(Invoker.java:714)
at org.testng.internal.Invoker.invokeTestMethod(Invoker.java:901)
at org.testng.internal.Invoker.invokeTestMethods(Invoker.java:1231)
at org.testng.internal.TestMethodWorker.invokeTestMethods(TestMethodWorker.java:127)
at org.testng.internal.TestMethodWorker.run(TestMethodWorker.java:111)
at org.testng.TestRunner.privateRun(TestRunner.java:767)
at org.testng.TestRunner.run(TestRunner.java:617)
at org.testng.SuiteRunner.runTest(SuiteRunner.java:334)
at org.testng.SuiteRunner.runSequentially(SuiteRunner.java:329)
at org.testng.SuiteRunner.privateRun(SuiteRunner.java:291)
at org.testng.SuiteRunner.run(SuiteRunner.java:240)
at org.testng.SuiteRunnerWorker.runSuite(SuiteRunnerWorker.java:52)
at org.testng.SuiteRunnerWorker.run(SuiteRunnerWorker.java:86)
at org.testng.TestNG.runSuitesSequentially(TestNG.java:1198)
at org.testng.TestNG.runSuitesLocally(TestNG.java:1123)
at org.testng.TestNG.run(TestNG.java:1031)
at org.apache.maven.surefire.testng.TestNGExecutor.run(TestNGExecutor.java:77)
at org.apache.maven.surefire.testng.TestNGDirectoryTestSuite.executeMulti(TestNGDirectoryTestSuite.java:159)
at org.apache.maven.surefire.testng.TestNGDirectoryTestSuite.execute(TestNGDirectoryTestSuite.java:99)
at org.apache.maven.surefire.testng.TestNGProvider.invoke(TestNGProvider.java:106)
at sun.reflect.NativeMethodAccessorImpl.invoke0(Native Method)
at sun.reflect.NativeMethodAccessorImpl.invoke(NativeMethodAccessorImpl.java:62)
at sun.reflect.DelegatingMethodAccessorImpl.invoke(DelegatingMethodAccessorImpl.java:43)
at java.lang.reflect.Method.invoke(Method.java:497)
at org.apache.maven.surefire.util.ReflectionUtils.invokeMethodWithArray(ReflectionUtils.java:189)
at org.apache.maven.surefire.booter.ProviderFactory$ProviderProxy.invoke(ProviderFactory.java:165)
at org.apache.maven.surefire.booter.ProviderFactory.invokeProvider(ProviderFactory.java:85)
at org.apache.maven.surefire.booter.ForkedBooter.runSuitesInProcess(ForkedBooter.java:115)
at org.apache.maven.surefire.booter.ForkedBooter.main(ForkedBooter.java:75)
</pre></td>
</tr>
<tbody>
</table>
</div>
</div> 
</li>
</ul>
</div>
</div>
</div>
</div>
<div id='exception-details-wrapper' class='col _addedCell2'>
<div class='contents'>
<div class='card-panel details-view'>
<h5 class='exception-name'></h5>
<div class='exception-container'>
</div>
</div>
</div>
</div>
</div>
<!-- /exceptions -->

<!-- testrunner logs -->
<!-- /testrunner logs -->

</div>
<!-- /container -->

<!-- test dashboard counts setting -->
<div id='test-count-setting' class='modal bottom-sheet'> 
<div class='modal-content'> 
<h5>Configure Tests Count Setting</h5> 
<input name='test-count-setting' type='radio' id='parentWithoutNodes' class='with-gap'> 
<label for='parentWithoutNodes'>Parent Tests Only (Does not include child nodes in counts)</label> 
<br> 
<input name='test-count-setting' type='radio' id='parentWithoutNodesAndNodes' class='with-gap'> 
<label for='parentWithoutNodesAndNodes'>Parent Tests Without Child Tests + Child Tests</label> 
<br> 
<input name='test-count-setting' type='radio' id='childNodes' class='with-gap'> 
<label for='childNodes'>Child Tests Only</label> 
</div> 
<div class='modal-footer'> 
<a href='#!' class='modal-action modal-close waves-effect waves-green btn'>Save</a> 
</div> 
</div>
<!-- /test dashboard counts setting -->

<!-- filter for step status -->
<div id='step-status-filter' class='modal bottom-sheet'> 
<div class='modal-content'> 
<h5>Select status</h5> 
<input checked class='filled-in' type='checkbox' id='step-dashboard-filter-pass'> 
<label for='step-dashboard-filter-pass'>Pass</label> 
<br> 
<input checked class='filled-in' type='checkbox' id='step-dashboard-filter-fail'> 
<label for='step-dashboard-filter-fail'>Fail</label> 
<br> 
<input checked class='filled-in' type='checkbox' id='step-dashboard-filter-fatal'> 
<label for='step-dashboard-filter-fatal'>Fatal</label> 
<br> 
<input checked class='filled-in' type='checkbox' id='step-dashboard-filter-error'> 
<label for='step-dashboard-filter-error'>Error</label> 
<br> 
<input checked class='filled-in' type='checkbox' id='step-dashboard-filter-warning'> 
<label for='step-dashboard-filter-warning'>Warning</label> 
<br> 
<input checked class='filled-in' type='checkbox' id='step-dashboard-filter-skip'> 
<label for='step-dashboard-filter-skip'>Skipped</label> 
<br> 
<input checked class='filled-in' type='checkbox' id='step-dashboard-filter-info'> 
<label for='step-dashboard-filter-info'>Info</label> 
<br> 
<input checked class='filled-in' type='checkbox' id='step-dashboard-filter-unknown'> 
<label for='step-dashboard-filter-unknown'>Unknown</label> 
</div>
<div class='modal-footer'> 
<a href='#!' class='modal-action modal-close waves-effect waves-green btn'>Save</a> 
</div> 
</div>
<!-- /filter for step status -->

<script src='https://cdn.rawgit.com/anshooarora/extentreports/c936a26fc8bb9c5fc0253b5bc6f289e1d14bb595/cdn/extent.js' type='text/javascript'></script>

<script>$(document).ready(function() { $('.logo span').html('ExtentReports'); });</script>
<script>

            
                $(document).ready(function() {
                    
                });
            
        
</script>
</body>
</html>
